This is pdfTeX, Version 3.14159265-2.6-1.40.15 (TeX Live 2014/MacPorts 2014_9) (preloaded format=latex 2015.4.15)  5 APR 2016 21:10
entering extended mode
 restricted \write18 enabled.
 %&-line parsing enabled.
**\input report.tex
(./report.tex (./rapport.cls
Document Class: rapport 2012/06/27
(./common.sty
File: common.sty 1999/12/19 v1.0 Common file for various LaTeX document classes

\saved@everypar=\toks14
\saved@parskip=\skip41
\c@section=\count79
\c@subsection=\count80
\c@figure=\count81
\c@table=\count82
\c@listing=\count83
\abovecaptionskip=\skip42
\belowcaptionskip=\skip43
\captionnarrow=\skip44
\bibindent=\dimen102
\hours=\count84
\minutes=\count85
) (./math_regler.sty
File: math_regler.sty 200/11/30 v1.1 Mathematics Package
 (./theorem_regler.sty)
(/opt/local/share/texmf-texlive/tex/latex/amsmath/amsmath.sty
Package: amsmath 2013/01/14 v2.14 AMS math features
\@mathmargin=\skip45

For additional information on amsmath, use the `?' option.
(/opt/local/share/texmf-texlive/tex/latex/amsmath/amstext.sty
Package: amstext 2000/06/29 v2.01

(/opt/local/share/texmf-texlive/tex/latex/amsmath/amsgen.sty
File: amsgen.sty 1999/11/30 v2.0
\@emptytoks=\toks15
\ex@=\dimen103
))
(/opt/local/share/texmf-texlive/tex/latex/amsmath/amsbsy.sty
Package: amsbsy 1999/11/29 v1.2d
\pmbraise@=\dimen104
)
(/opt/local/share/texmf-texlive/tex/latex/amsmath/amsopn.sty
Package: amsopn 1999/12/14 v2.01 operator names
)
\inf@bad=\count86
LaTeX Info: Redefining \frac on input line 210.
\uproot@=\count87
\leftroot@=\count88
LaTeX Info: Redefining \overline on input line 306.
\classnum@=\count89
\DOTSCASE@=\count90
LaTeX Info: Redefining \ldots on input line 378.
LaTeX Info: Redefining \dots on input line 381.
LaTeX Info: Redefining \cdots on input line 466.
\Mathstrutbox@=\box26
\strutbox@=\box27
\big@size=\dimen105
LaTeX Font Info:    Redeclaring font encoding OML on input line 566.
LaTeX Font Info:    Redeclaring font encoding OMS on input line 567.
\macc@depth=\count91
\c@MaxMatrixCols=\count92
\dotsspace@=\muskip10
\c@parentequation=\count93
\dspbrk@lvl=\count94
\tag@help=\toks16
\row@=\count95
\column@=\count96
\maxfields@=\count97
\andhelp@=\toks17
\eqnshift@=\dimen106
\alignsep@=\dimen107
\tagshift@=\dimen108
\tagwidth@=\dimen109
\totwidth@=\dimen110
\lineht@=\dimen111
\@envbody=\toks18
\multlinegap=\skip46
\multlinetaggap=\skip47
\mathdisplay@stack=\toks19
LaTeX Info: Redefining \[ on input line 2665.
LaTeX Info: Redefining \] on input line 2666.
)
\matrixopen=\dimen112
))
(./paperhead.sty
File: paperhead.sty 1999/12/01
\fntoks=\toks20
\topinfobox=\box28
) (./schoolbook.sty
File: newschoolbook.sty 2004/07/12NewCentury
LaTeX Font Info:    Redeclaring symbol font `operators' on input line 5.
LaTeX Font Info:    Overwriting symbol font `operators' in version `normal'
(Font)                  OT1/cmr/m/n --> OT1/ncs/m/n on input line 5.
LaTeX Font Info:    Overwriting symbol font `operators' in version `bold'
(Font)                  OT1/cmr/bx/n --> OT1/ncs/m/n on input line 5.
LaTeX Font Info:    Redeclaring symbol font `letters' on input line 6.
LaTeX Font Info:    Overwriting symbol font `letters' in version `normal'
(Font)                  OML/cmm/m/it --> OML/ncs/m/it on input line 6.
LaTeX Font Info:    Overwriting symbol font `letters' in version `bold'
(Font)                  OML/cmm/b/it --> OML/ncs/m/it on input line 6.
LaTeX Font Info:    Redeclaring symbol font `symbols' on input line 7.
LaTeX Font Info:    Overwriting symbol font `symbols' in version `normal'
(Font)                  OMS/cmsy/m/n --> OMS/ncs/m/n on input line 7.
LaTeX Font Info:    Overwriting symbol font `symbols' in version `bold'
(Font)                  OMS/cmsy/b/n --> OMS/ncs/m/n on input line 7.
LaTeX Font Info:    Overwriting symbol font `letters' in version `bold'
(Font)                  OML/ncs/m/it --> OML/ncs/b/it on input line 8.
LaTeX Font Info:    Overwriting symbol font `operators' in version `bold'
(Font)                  OT1/ncs/m/n --> OT1/ncs/b/n on input line 9.
LaTeX Font Info:    Overwriting symbol font `symbols' in version `bold'
(Font)                  OMS/ncs/m/n --> OMS/ncs/b/n on input line 10.
LaTeX Font Info:    Redeclaring math alphabet \mathbf on input line 12.
LaTeX Font Info:    Overwriting math alphabet `\mathbf' in version `normal'
(Font)                  OT1/cmr/bx/n --> OT1/ncs/b/n on input line 12.
LaTeX Font Info:    Overwriting math alphabet `\mathbf' in version `bold'
(Font)                  OT1/cmr/bx/n --> OT1/ncs/b/n on input line 12.
LaTeX Font Info:    Redeclaring math alphabet \mathit on input line 15.
LaTeX Font Info:    Overwriting math alphabet `\mathit' in version `normal'
(Font)                  OT1/cmr/m/it --> OT1/ncs/m/it on input line 15.
LaTeX Font Info:    Overwriting math alphabet `\mathit' in version `bold'
(Font)                  OT1/cmr/bx/it --> OT1/ncs/m/it on input line 15.
LaTeX Font Info:    Overwriting math alphabet `\mathsf' in version `bold'
(Font)                  OT1/cmss/bx/n --> OT1/cmss/bx/n on input line 17.
LaTeX Font Info:    Overwriting math alphabet `\mathit' in version `bold'
(Font)                  OT1/ncs/m/it --> OT1/cmr/bx/it on input line 18.
LaTeX Font Info:    Try loading font information for T1+ncs on input line 27.
 (./t1ncs.fd
File: t1ncs.fd 2004/07/11 font definitions for T1/ncs
))
(/opt/local/share/texmf-texlive/tex/latex/tools/tabularx.sty
Package: tabularx 2014/05/13 v2.10 `tabularx' package (DPC)

(/opt/local/share/texmf-texlive/tex/latex/tools/array.sty
Package: array 2008/09/09 v2.4c Tabular extension package (FMi)
\col@sep=\dimen113
\extrarowheight=\dimen114
\NC@list=\toks21
\extratabsurround=\skip48
\backup@length=\skip49
)
\TX@col@width=\dimen115
\TX@old@table=\dimen116
\TX@old@col=\dimen117
\TX@target=\dimen118
\TX@delta=\dimen119
\TX@cols=\count98
\TX@ftn=\toks22
)
(/opt/local/share/texmf-texlive/tex/latex/graphics/graphicx.sty
Package: graphicx 2014/04/25 v1.0g Enhanced LaTeX Graphics (DPC,SPQR)

(/opt/local/share/texmf-texlive/tex/latex/graphics/keyval.sty
Package: keyval 2014/05/08 v1.15 key=value parser (DPC)
\KV@toks@=\toks23
)
(/opt/local/share/texmf-texlive/tex/latex/graphics/graphics.sty
Package: graphics 2009/02/05 v1.0o Standard LaTeX Graphics (DPC,SPQR)

(/opt/local/share/texmf-texlive/tex/latex/graphics/trig.sty
Package: trig 1999/03/16 v1.09 sin cos tan (DPC)
)
(/opt/local/share/texmf-texlive/tex/latex/latexconfig/graphics.cfg
File: graphics.cfg 2010/04/23 v1.9 graphics configuration of TeX Live
)
Package graphics Info: Driver file: dvips.def on input line 91.

(/opt/local/share/texmf-texlive/tex/latex/graphics/dvips.def
File: dvips.def 2014/04/23 v3.0j Driver-dependant file (DPC,SPQR)
))
\Gin@req@height=\dimen120
\Gin@req@width=\dimen121
)
(/opt/local/share/texmf-texlive/tex/latex/psfrag/psfrag.sty
Package: psfrag 1998/04/11 v3.04 PSfrag (MCG)
\pfg@pcount=\count99
\pfg@scount=\count100
\pfg@temp=\write3
) (./manual.sty
File: manual 1999/08/06
\manual@left=\dimen122
)
(/opt/local/share/texmf-texlive/tex/latex/graphics/color.sty
Package: color 2014/04/23 v1.1a Standard LaTeX Color (DPC)

(/opt/local/share/texmf-texlive/tex/latex/latexconfig/color.cfg
File: color.cfg 2007/01/18 v1.5 color configuration of teTeX/TeXLive
)
Package color Info: Driver file: dvips.def on input line 137.

(/opt/local/share/texmf-texlive/tex/latex/graphics/dvipsnam.def
File: dvipsnam.def 2014/04/23 v3.0j Driver-dependant file (DPC,SPQR)
))
(/opt/local/share/texmf-texlive/tex/latex/tools/longtable.sty
Package: longtable 2004/02/01 v4.11 Multi-page Table package (DPC)
\LTleft=\skip50
\LTright=\skip51
\LTpre=\skip52
\LTpost=\skip53
\LTchunksize=\count101
\LTcapwidth=\dimen123
\LT@head=\box29
\LT@firsthead=\box30
\LT@foot=\box31
\LT@lastfoot=\box32
\LT@cols=\count102
\LT@rows=\count103
\c@LT@tables=\count104
\c@LT@chunks=\count105
\LT@p@ftn=\toks24
) (./report.aux

LaTeX Warning: Label `sec:battery' multiply defined.

)
\openout1 = `report.aux'.

LaTeX Font Info:    Checking defaults for OML/cmm/m/it on input line 20.
LaTeX Font Info:    ... okay on input line 20.
LaTeX Font Info:    Checking defaults for T1/cmr/m/n on input line 20.
LaTeX Font Info:    ... okay on input line 20.
LaTeX Font Info:    Checking defaults for OT1/cmr/m/n on input line 20.
LaTeX Font Info:    ... okay on input line 20.
LaTeX Font Info:    Checking defaults for OMS/cmsy/m/n on input line 20.
LaTeX Font Info:    ... okay on input line 20.
LaTeX Font Info:    Checking defaults for OMX/cmex/m/n on input line 20.
LaTeX Font Info:    ... okay on input line 20.
LaTeX Font Info:    Checking defaults for U/cmr/m/n on input line 20.
LaTeX Font Info:    ... okay on input line 20.
 [1


] [2

] (./report.toc
LaTeX Font Info:    Try loading font information for OT1+ncs on input line 1.
 (/opt/local/share/texmf-local/tex/latex/ncs/ot1ncs.fd)
LaTeX Font Info:    Try loading font information for OML+ncs on input line 1.

(/opt/local/share/texmf-local/tex/latex/ncs/omlncs.fd)
LaTeX Font Info:    Try loading font information for OMS+ncs on input line 1.

(/opt/local/share/texmf-local/tex/latex/ncs/omsncs.fd)

LaTeX Font Warning: Font shape `T1/ncs/b/sc' undefined
(Font)              using `T1/ncs/b/n' instead on input line 13.

[3] [4]
Overfull \hbox (0.2956pt too wide) detected at line 94
 []\T1/ncs/m/n/10.95 100
 []


Overfull \hbox (0.2956pt too wide) detected at line 96
 []\T1/ncs/m/n/10.95 102
 []


Overfull \hbox (0.2956pt too wide) detected at line 97
 []\T1/ncs/m/n/10.95 103
 []


Overfull \hbox (0.33939pt too wide) detected at line 98
 []\T1/ncs/m/n/10.95 104
 []


Overfull \hbox (0.2956pt too wide) detected at line 99
 []\T1/ncs/m/n/10.95 105
 []


Overfull \hbox (0.2956pt too wide) detected at line 100
 []\T1/ncs/m/n/10.95 106
 []

[5]
Overfull \hbox (0.17514pt too wide) detected at line 101
 []\T1/ncs/m/n/10.95 107
 []


Overfull \hbox (0.2956pt too wide) detected at line 102
 []\T1/ncs/m/n/10.95 108
 []


Overfull \hbox (0.43793pt too wide) detected at line 105
 []\T1/ncs/m/n/10.95 112
 []


Overfull \hbox (0.17513pt too wide) detected at line 106
 []\T1/ncs/m/n/10.95 113
 []


Overfull \hbox (0.15323pt too wide) detected at line 108
 []\T1/ncs/m/n/10.95 115
 []

)
\tf@toc=\write4
\openout4 = `report.toc'.

 [6]
LaTeX Font Info:    Try loading font information for T1+lmtt on input line 111.

 (/opt/local/share/texmf-texlive/tex/latex/lm/t1lmtt.fd
File: t1lmtt.fd 2009/10/30 v1.6 Font defs for Latin Modern
)
File: lib2.0beta.eps Graphic file (type eps)
 <lib2.0beta.eps>
[7

]
File: simple.eps Graphic file (type eps)
 <simple.eps>
File: timeline.eps Graphic file (type eps)
 <timeline.eps> [8]

LaTeX Warning: Reference `list:code2' on page 9 undefined on input line 274.

[9]
File: block.ps Graphic file (type eps)
 <block.ps>

LaTeX Warning: `h' float specifier changed to `ht'.

[10] [11] [12

] [13] [14]
File: kdialog.eps Graphic file (type eps)
 <kdialog.eps> [15]
File: nwdialog.eps Graphic file (type eps)
 <nwdialog.eps> [16] [17] [18]
Overfull \hbox (55.79013pt too wide) in paragraph at lines 770--776
\T1/ncs/m/n/10.95 and the dy-namic seg-ment will sim-i-larly be length(Dynamic 
sched-ule)*Minislotsize/dataRate
 []


Overfull \hbox (36.30417pt too wide) in paragraph at lines 784--788
\T1/ncs/m/n/10.95 ceive mes-sages. The du-ra-tion of the syn-chro-niza-tion in-
ter-val is $[]$
 []

[19] [20]
File: wnwdialog.eps Graphic file (type eps)
 <wnwdialog.eps>
Overfull \hbox (2.42963pt too wide) in paragraph at lines 867--869
[]\T1/ncs/m/n/10.95 Determines the MAC pro-to-col to be used. Can be ei-ther $\
OT1/ncs/m/n/10.95 802\OML/ncs/m/it/10.95 :\OT1/ncs/m/n/10.95 11$\T1/ncs/m/n/10.
95 b/g
 []

[21

] [22] [23]
File: error.eps Graphic file (type eps)
 <error.eps> [24]
File: rayleigh.eps Graphic file (type eps)
 <rayleigh.eps> [25] [26]
File: ttgetmsgmask.eps Graphic file (type eps)
 <ttgetmsgmask.eps>
File: ttsendmsgmask.eps Graphic file (type eps)

<ttsendmsgmask.eps> [27] [28]
File: servo.ps Graphic file (type eps)
 <servo.ps> [29] [30] [31]
File: dist.ps Graphic file (type eps)
 <dist.ps>
Overfull \hbox (2.16803pt too wide) in paragraph at lines 1468--1477
\T1/ncs/m/n/10.95 per-for-mance. Study the net-work sched-ule (high=sending, me
dium=waiting,
 []

[32] [33] [34] [35]
File: soccer.ps Graphic file (type eps)
 <soccer.ps> [36]
Overfull \hbox (0.66026pt too wide) in paragraph at lines 2167--2167
[]  \T1/lmtt/m/n/10 List* readyQ;   // usertasks and handlers ready for executi
on, prio-sorted[] 
 []

[37] [38] [39]

LaTeX Warning: Reference `sec:overrun' on page 40 undefined on input line 2323.


File: hooks.eps Graphic file (type eps)
<hooks.eps>

LaTeX Warning: Float too large for page by 12.10027pt on input line 2423.

[40] [41] [42] [43] [44] [45] [46] [47

] [48

] [49

] [50

] [51

]
Overfull \hbox (1.26982pt too wide) in paragraph at lines 2835--2843
\T1/ncs/m/n/10.95 from the su-per-class \T1/lmtt/m/n/10.95 Task\T1/ncs/m/n/10.9
5 . See \T1/lmtt/m/n/10.95 $DIR/kernel/usertask.h \T1/ncs/m/n/10.95 and \T1/lmt
t/m/n/10.95 $DIR/kernel/task.h
 []

[52

] [53

] [54

] [55

] [56

] [57

]
File: block.ps Graphic file (type eps)
 <block.ps>
Overfull \hbox (1.83023pt too wide) in paragraph at lines 3070--3072
[]  [] 
 []

[58

] [59

] [60

] [61

] [62

]
Overfull \hbox (9.8215pt too wide) in paragraph at lines 3251--3251
[]\T1/lmtt/m/n/10.95 void ttCreateLog(char* taskname, int logtype, char* variab
le, int size)[] 
 []

[63

] [64] [65

]
Overfull \hbox (2.32083pt too wide) in paragraph at lines 3387--3389
\T1/lmtt/m/n/10.95 ttEnterMonitor\T1/ncs/m/n/10.95 , \T1/lmtt/m/n/10.95 ttExitM
onitor\T1/ncs/m/n/10.95 , \T1/lmtt/m/n/10.95 ttCreateEvent\T1/ncs/m/n/10.95 , \
T1/lmtt/m/n/10.95 ttWait\T1/ncs/m/n/10.95 , \T1/lmtt/m/n/10.95 ttNotify\T1/ncs/
m/n/10.95 , \T1/lmtt/m/n/10.95 ttNotifyAll 
 []

[66

]
Overfull \hbox (4.07277pt too wide) in paragraph at lines 3409--3409
[]\T1/lmtt/m/n/10.95 void ttCreatePeriodicTask(char* name, double starttime, do
uble period,[] 
 []


Overfull \hbox (4.07277pt too wide) in paragraph at lines 3409--3409
[]\T1/lmtt/m/n/10.95 void ttCreatePeriodicTask(char* name, double starttime, do
uble period,[] 
 []

[67

]
Overfull \hbox (44.3139pt too wide) in paragraph at lines 3453--3453
[]\T1/lmtt/m/n/10.95 void ttCreatePeriodicTimer(char *timername, double period,
 char *handlername)[] 
 []


Overfull \hbox (21.31897pt too wide) in paragraph at lines 3453--3453
[]\T1/lmtt/m/n/10.95 void ttCreatePeriodicTimer(char *timername, double offset,
 double period,[] 
 []

[68

] [69

] [70

] [71

] [72

] [73

] [74

] [75

] [76

] [77

]
Overfull \hbox (8.06956pt too wide) in paragraph at lines 3744--3746
\T1/lmtt/m/n/10.95 ttCreateMonitor\T1/ncs/m/n/10.95 , \T1/lmtt/m/n/10.95 ttExit
Monitor\T1/ncs/m/n/10.95 , \T1/lmtt/m/n/10.95 ttCreateEvent\T1/ncs/m/n/10.95 , 
\T1/lmtt/m/n/10.95 ttWait\T1/ncs/m/n/10.95 , \T1/lmtt/m/n/10.95 ttNotify\T1/ncs
/m/n/10.95 , \T1/lmtt/m/n/10.95 ttNotifyAll 
 []

[78

] [79

] [80

] [81

] [82

] [83

] [84

] [85

] [86] [87

]
Overfull \hbox (44.3139pt too wide) in paragraph at lines 4089--4089
[]\T1/lmtt/m/n/10.95 void ttInitKernel(double (*prioFcn)(UserTask*), double con
textSwitchOverhead)[] 
 []


Overfull \hbox (91.82634pt too wide) in paragraph at lines 4111--4113
[]\T1/ncs/m/n/10.95 The sched-ule plot for the con-text switches can be turned 
off by a call to \T1/lmtt/m/n/10.95 ttNoSchedule('CShandler')\T1/ncs/m/n/10.95 
. 
 []


Overfull \hbox (2.05852pt too wide) in paragraph at lines 4114--4118
\T1/ncs/m/n/10.95 The pre-defined pri-or-ity func-tions for deadline-monotonic 
schedul-ing and earliest-
 []

[88

] [89] [90

] [91

] [92

] [93

] [94

] [95

] [96

] [97

] [98

] [99

] [100

] [101

]
Overfull \hbox (55.81137pt too wide) in paragraph at lines 4549--4549
[]\T1/lmtt/m/n/10.95 void ttSendMsg(int network, int receiver, void *data, int 
length, int priority)[] 
 []

[102

] [103

] [104

] [105

]
Overfull \hbox (21.31897pt too wide) in paragraph at lines 4685--4685
[]\T1/lmtt/m/n/10.95 void ttSetNetworkParameter(int networkNbr, char* parameter
, double value)[] 
 []

[106

] [107

]
Overfull \hbox (5.167pt too wide) in paragraph at lines 4776--4782
[]\T1/ncs/m/n/10.95 Use the \T1/lmtt/m/n/10.95 ttSetX \T1/ncs/m/n/10.95 func-ti
ons to change the de-fault at-tributes de-fined by \T1/lmtt/m/n/10.95 ttCreateT
ask
 []

[108

] [109]
Overfull \hbox (6.92004pt too wide) in paragraph at lines 4849--4854
\T1/ncs/m/n/10.95 time. This func-tion is equiv-a-lent to \T1/lmtt/m/n/10.95 tt
SleepUntil(duration + ttCurrentTime())\T1/ncs/m/n/10.95 .
 []

[110

] [111

] [112

] [113

] [114

] [115

] [116

] (./report.bbl
Overfull \hbox (0.17384pt too wide) in paragraph at lines 59--62
\T1/ncs/m/n/10.95 (AODV) rout-ing.'' Re-quest for Com-ments: http://www.ietf.or
g/rfc/rfc3561.txt. 
 []

) [117

] (./report.aux)

LaTeX Font Warning: Some font shapes were not available, defaults substituted.


LaTeX Warning: There were undefined references.


LaTeX Warning: There were multiply-defined labels.

 ) 
Here is how much of TeX's memory you used:
 2078 strings out of 494214
 25703 string characters out of 6157489
 113853 words of memory out of 5000000
 5333 multiletter control sequences out of 15000+600000
 56922 words of font info for 75 fonts, out of 8000000 for 9000
 430 hyphenation exceptions out of 8191
 41i,12n,25p,463b,359s stack positions out of 5000i,500n,10000p,200000b,80000s

Output written on report.dvi (117 pages, 285408 bytes).
